<?xml version="1.0" encoding="UTF-8"?>
<testng-results ignored="0" total="1" passed="1" failed="0" skipped="0">
  <reporter-output>
  </reporter-output>
  <suite started-at="2023-04-16T20:45:20 IST" name="Default suite" finished-at="2023-04-16T20:45:26 IST" duration-ms="6174">
    <groups>
    </groups>
    <test started-at="2023-04-16T20:45:20 IST" name="Default test" finished-at="2023-04-16T20:45:26 IST" duration-ms="6174">
      <class name="Practice.ToHandleMouseOverAction">
        <test-method signature="ToHandleMouse()[pri:0, instance:Practice.ToHandleMouseOverAction@14555e0a]" started-at="2023-04-16T20:45:20 IST" name="ToHandleMouse" finished-at="2023-04-16T20:45:26 IST" duration-ms="6107" status="PASS">
          <reporter-output>
          </reporter-output>
        </test-method> <!-- ToHandleMouse -->
      </class> <!-- Practice.ToHandleMouseOverAction -->
    </test> <!-- Default test -->
  </suite> <!-- Default suite -->
</testng-results>
