<?xml version="1.0" encoding="UTF-8"?>
<testng-results ignored="0" total="1" passed="1" failed="0" skipped="0">
  <reporter-output>
  </reporter-output>
  <suite started-at="2023-04-04T15:30:23 IST" name="Default suite" finished-at="2023-04-04T15:30:38 IST" duration-ms="15559">
    <groups>
    </groups>
    <test started-at="2023-04-04T15:30:23 IST" name="Default test" finished-at="2023-04-04T15:30:38 IST" duration-ms="15559">
      <class name="TC_07.TC_07">
        <test-method is-config="true" signature="BS()[pri:0, instance:TC_07.TC_07@4803b726]" started-at="2023-04-04T15:30:23 IST" name="BS" finished-at="2023-04-04T15:30:23 IST" duration-ms="15" status="PASS">
          <reporter-output>
          </reporter-output>
        </test-method> <!-- BS -->
        <test-method is-config="true" signature="BT()[pri:0, instance:TC_07.TC_07@4803b726]" started-at="2023-04-04T15:30:23 IST" name="BT" finished-at="2023-04-04T15:30:25 IST" duration-ms="2453" status="PASS">
          <reporter-output>
          </reporter-output>
        </test-method> <!-- BT -->
        <test-method is-config="true" signature="BC()[pri:0, instance:TC_07.TC_07@4803b726]" started-at="2023-04-04T15:30:25 IST" name="BC" finished-at="2023-04-04T15:30:25 IST" duration-ms="0" status="PASS">
          <reporter-output>
          </reporter-output>
        </test-method> <!-- BC -->
        <test-method is-config="true" signature="BM()[pri:0, instance:TC_07.TC_07@4803b726]" started-at="2023-04-04T15:30:25 IST" name="BM" finished-at="2023-04-04T15:30:25 IST" duration-ms="0" status="PASS">
          <reporter-output>
          </reporter-output>
        </test-method> <!-- BM -->
        <test-method signature="tc07()[pri:0, instance:TC_07.TC_07@4803b726]" started-at="2023-04-04T15:30:25 IST" name="tc07" finished-at="2023-04-04T15:30:38 IST" duration-ms="13027" status="PASS">
          <reporter-output>
          </reporter-output>
        </test-method> <!-- tc07 -->
        <test-method is-config="true" signature="AM()[pri:0, instance:TC_07.TC_07@4803b726]" started-at="2023-04-04T15:30:38 IST" name="AM" finished-at="2023-04-04T15:30:38 IST" duration-ms="0" status="PASS">
          <reporter-output>
          </reporter-output>
        </test-method> <!-- AM -->
        <test-method is-config="true" signature="AC()[pri:0, instance:TC_07.TC_07@4803b726]" started-at="2023-04-04T15:30:38 IST" name="AC" finished-at="2023-04-04T15:30:38 IST" duration-ms="1" status="PASS">
          <reporter-output>
          </reporter-output>
        </test-method> <!-- AC -->
        <test-method is-config="true" signature="AT()[pri:0, instance:TC_07.TC_07@4803b726]" started-at="2023-04-04T15:30:38 IST" name="AT" finished-at="2023-04-04T15:30:38 IST" duration-ms="1" status="PASS">
          <reporter-output>
          </reporter-output>
        </test-method> <!-- AT -->
        <test-method is-config="true" signature="AS()[pri:0, instance:TC_07.TC_07@4803b726]" started-at="2023-04-04T15:30:38 IST" name="AS" finished-at="2023-04-04T15:30:38 IST" duration-ms="1" status="PASS">
          <reporter-output>
          </reporter-output>
        </test-method> <!-- AS -->
      </class> <!-- TC_07.TC_07 -->
    </test> <!-- Default test -->
  </suite> <!-- Default suite -->
</testng-results>
